{
  "0 debug pnpm:scope": {
    "selected": 1
  },
  "1 debug pnpm:package-manifest": {
    "initial": {
      "dependencies": {
        "koa-generator": "^1.1.17",
        "parcel": "^2.5.0"
      }
    },
    "prefix": "/Users/xinxiao/Library/pnpm/global/5"
  },
  "2 debug pnpm:context": {
    "currentLockfileExists": true,
    "storeDir": "/Users/xinxiao/Library/pnpm/store/v3",
    "virtualStoreDir": "/Users/xinxiao/Library/pnpm/global/5/.pnpm"
  },
  "3 debug pnpm:stage": {
    "prefix": "/Users/xinxiao/Library/pnpm/global/5",
    "stage": "resolution_started"
  },
  "4 debug pnpm:_dependency_resolved": {
    "resolution": "registry.npmjs.org/koa-generator/1.1.17",
    "wanted": {
      "dependentId": ".",
      "name": "koa-generator",
      "rawSpec": "^1.1.17"
    }
  },
  "5 debug pnpm:_dependency_resolved": {
    "resolution": "registry.npmjs.org/parcel/2.5.0",
    "wanted": {
      "dependentId": ".",
      "name": "parcel",
      "rawSpec": "^2.5.0"
    }
  },
  "6 debug pnpm:progress": {
    "packageId": "registry.npmjs.org/parcel/2.5.0",
    "requester": "/Users/xinxiao/Library/pnpm/global/5",
    "status": "found_in_store"
  },
  "7 debug pnpm:progress": {
    "packageId": "registry.npmjs.org/parcel/2.5.0",
    "requester": "/Users/xinxiao/Library/pnpm/global/5",
    "status": "resolved"
  },
  "8 debug pnpm:progress": {
    "packageId": "registry.npmjs.org/koa-generator/1.1.17",
    "requester": "/Users/xinxiao/Library/pnpm/global/5",
    "status": "found_in_store"
  },
  "9 debug pnpm:progress": {
    "packageId": "registry.npmjs.org/koa-generator/1.1.17",
    "requester": "/Users/xinxiao/Library/pnpm/global/5",
    "status": "resolved"
  },
  "10 error pnpm": {
    "code": "ERR_PNPM_FETCH_404",
    "hint": "nodemen is not in the npm registry, or you have no permission to fetch it.\n\nNo authorization header was set for the request.",
    "request": {
      "url": "https://registry.npmjs.org/nodemen"
    },
    "response": {
      "size": 0
    },
    "pkgName": "nodemen",
    "spec": {
      "fetchSpec": "latest",
      "name": "nodemen",
      "type": "tag"
    },
    "pkgsStack": [],
    "err": {
      "name": "pnpm",
      "message": "GET https://registry.npmjs.org/nodemen: Not Found - 404",
      "code": "ERR_PNPM_FETCH_404",
      "stack": "pnpm: GET https://registry.npmjs.org/nodemen: Not Found - 404\n    at RetryOperation._fn (/opt/homebrew/Cellar/node/17.8.0/pnpm-global/5/node_modules/.pnpm/pnpm@7.0.0/node_modules/pnpm/dist/pnpm.cjs:84259:19)\n    at processTicksAndRejections (node:internal/process/task_queues:96:5)"
    }
  }
}